2025-03-21 10:05:51 error: Error during login: generateToken is not defined
2025-03-21 10:06:10 error: Error during login: generateToken is not defined
2025-03-21 10:06:50 warn: Registration attempt with existing email: test@example.com
2025-03-21 10:06:57 error: Error during login: generateToken is not defined
2025-03-21 10:08:10 info: User logged in: test@example.com
2025-03-21 10:12:52 info: User logged in: test@example.com
2025-03-21 10:31:24 error: Error fetching IP details: Cannot read properties of undefined (reading 'isp')
2025-03-21 10:31:24 info: IP activity logged: ::ffff:127.0.0.1 - api-request
2025-03-21 10:31:25 info: User logged in: test@example.com
2025-03-21 10:53:57 info: IP activity logged: ::ffff:127.0.0.1 - api-request
2025-03-21 10:53:58 info: New user registered: james12@gmail.com
2025-03-21 10:54:43 info: IP activity logged: ::ffff:127.0.0.1 - api-request
2025-03-21 10:54:44 info: User logged in: james12@gmail.com
2025-03-21 10:56:02 info: IP activity logged: ::ffff:127.0.0.1 - api-request
2025-03-21 10:56:18 info: IP activity logged: ::ffff:127.0.0.1 - api-request
2025-03-21 10:56:44 info: IP activity logged: ::ffff:127.0.0.1 - api-request
2025-03-21 10:57:13 info: IP activity logged: ::ffff:127.0.0.1 - api-request
2025-03-22 11:51:15 info: IP activity logged: ::1 - api-request
2025-03-22 11:51:15 warn: Access denied: No token provided
2025-03-22 11:51:22 info: IP activity logged: ::1 - api-request
2025-03-22 11:51:22 warn: Access denied: No token provided
2025-03-22 11:52:57 info: IP activity logged: ::1 - api-request
2025-03-22 11:52:57 warn: Access denied: No token provided
2025-03-22 12:05:29 info: IP activity logged: ::1 - api-request
2025-03-22 12:05:29 warn: Access denied: No token provided
2025-03-22 12:06:46 info: IP activity logged: ::1 - api-request
2025-03-22 12:06:46 warn: Access denied: No token provided
2025-03-22 12:06:48 info: IP activity logged: ::1 - api-request
2025-03-22 12:06:48 warn: Access denied: No token provided
2025-03-22 12:09:08 info: IP activity logged: ::1 - api-request
2025-03-22 12:09:08 info: Received token: undefined
2025-03-22 12:09:08 warn: Access denied: No token provided
2025-03-22 12:09:10 info: IP activity logged: ::1 - api-request
2025-03-22 12:09:10 info: Received token: undefined
2025-03-22 12:09:10 warn: Access denied: No token provided
2025-03-22 12:12:24 info: IP activity logged: ::1 - api-request
2025-03-22 12:12:24 info: Received token: undefined
2025-03-22 12:12:24 warn: Access denied: No token provided
2025-03-22 12:12:28 info: IP activity logged: ::1 - api-request
2025-03-22 12:12:28 info: Received token: undefined
2025-03-22 12:12:28 warn: Access denied: No token provided
2025-03-22 12:14:12 info: IP activity logged: ::1 - api-request
2025-03-22 12:14:12 info: Received token: undefined
2025-03-22 12:14:12 warn: Access denied: No token provided
2025-03-22 12:14:16 info: IP activity logged: ::1 - api-request
2025-03-22 12:14:16 info: Received token: undefined
2025-03-22 12:14:16 warn: Access denied: No token provided
2025-03-22 12:16:52 info: IP activity logged: ::1 - api-request
2025-03-22 12:16:52 info: Authorization header: undefined
2025-03-22 12:16:52 info: Received token: undefined
2025-03-22 12:16:52 warn: Access denied: No token provided
2025-03-22 12:30:37 info: IP activity logged: ::1 - api-request
2025-03-22 12:30:39 info: New user registered: kazestitches09@gmail.com
2025-03-22 12:44:41 info: IP activity logged: ::1 - api-request
2025-03-22 12:44:42 info: New user registered: papamills100@gmail.com
2025-03-22 13:01:36 info: IP activity logged: ::1 - api-request
2025-03-22 13:01:37 info: New user registered: jane@gmail.com
2025-03-22 13:28:14 info: IP activity logged: ::1 - api-request
2025-03-22 13:28:15 info: New user registered: german@gmail.com
2025-03-23 05:49:50 error: Error fetching IP details: Cannot read properties of undefined (reading 'isp')
2025-03-23 05:49:50 info: IP activity logged: ::1 - api-request
2025-03-23 05:49:51 info: New user registered: kwame@gmail.com
2025-03-23 05:52:29 info: IP activity logged: ::1 - api-request
2025-03-23 05:52:30 info: User logged in: kwame@gmail.com
